#
# A fatal error has been detected by the Java Runtime Environment:
#
#  SIGBUS (0xa) at pc=0x0000000104f53b4a, pid=64815, tid=0x0000000000001c03
#
# JRE version: Java(TM) SE Runtime Environment (8.0_144-b01) (build 1.8.0_144-b01)
# Java VM: Java HotSpot(TM) 64-Bit Server VM (25.144-b01 mixed mode bsd-amd64 compressed oops)
# Problematic frame:
# V  [libjvm.dylib+0xdbb4a]  aci_CopyRight+0x3d
#
# Failed to write core dump. Core dumps have been disabled. To enable core dumping, try "ulimit -c unlimited" before starting Java again
#
# If you would like to submit a bug report, please visit:
#   http://bugreport.java.com/bugreport/crash.jsp
#

---------------  T H R E A D  ---------------

Current thread (0x00007f9baf817800):  JavaThread "main" [_thread_in_vm, id=7171, stack(0x000070000c8a3000,0x000070000c9a3000)]

siginfo: si_signo: 10 (SIGBUS), si_code: 2 (BUS_ADRERR), si_addr: 0x000000011de82000

Registers:
RAX=0x000000011de930bc, RBX=0x0000000000000010, RCX=0x0000000796a8deb8, RDX=0xffffffffffffddea
RSP=0x000070000c9a1c58, RBP=0x000070000c9a1ca0, RSI=0x0000000000000000, RDI=0x000000011de80af4
R8 =0x0000000000004974, R9 =0x0000000000000010, R10=0x0000000107f829c8, R11=0x000000010535d563
R12=0x0000000000000000, R13=0x00007f9baf817800, R14=0x000070000c9a1d80, R15=0x000000011de80af4
RIP=0x0000000104f53b4a, EFLAGS=0x0000000000010282, ERR=0x0000000000000004
  TRAPNO=0x000000000000000e

Top of Stack: (sp=0x000070000c9a1c58)
0x000070000c9a1c58:   00000001053fba71 0000000100000003
0x000070000c9a1c68:   00007f9baf817800 00007f9baf817800
0x000070000c9a1c78:   00000001076eaea8 0000000000000000
0x000070000c9a1c88:   00000001076eaea8 000070000c9a1da0
0x000070000c9a1c98:   00007f9baf817800 000070000c9a1d40
0x000070000c9a1ca8:   0000000107f829f4 00000000000125d0
0x000070000c9a1cb8:   0000000107992208 000070000c9a1d00
0x000070000c9a1cc8:   0000000000000000 00007f9baf817800
0x000070000c9a1cd8:   0000000107bf9f90 00007f9baf612000
0x000070000c9a1ce8:   0000000000000100 00007f9baf817800
0x000070000c9a1cf8:   000070000c9a1e00 000070000c9a1d00
0x000070000c9a1d08:   0000000000000000 000070000c9a1da0
0x000070000c9a1d18:   00000001077182a8 0000000000000000
0x000070000c9a1d28:   00000001076eaea8 0000000000000000
0x000070000c9a1d38:   000070000c9a1d60 000070000c9a1de8
0x000070000c9a1d48:   0000000107f732bd 0000000000000000
0x000070000c9a1d58:   0000000107f7c538 00000000000125d0
0x000070000c9a1d68:   0000000104f19222 0000000000000010
0x000070000c9a1d78:   00007f9baf612000 0000000796a7b8e0
0x000070000c9a1d88:   000000011de80af4 00007f9baf817800
0x000070000c9a1d98:   0000000000000000 00000007955889a0
0x000070000c9a1da8:   000070000c9a1da8 00000001077caf62
0x000070000c9a1db8:   000070000c9a1e58 00000001077cb7f0
0x000070000c9a1dc8:   0000000000000000 00000001077caf90
0x000070000c9a1dd8:   000070000c9a1d60 000070000c9a1e18
0x000070000c9a1de8:   000070000c9a1ea0 0000000107f732bd
0x000070000c9a1df8:   00000000000125d0 0000000000000000
0x000070000c9a1e08:   0000000000000010 0000000000000000
0x000070000c9a1e18:   00000000000125d0 0000000000000000
0x000070000c9a1e28:   0000000000000000 0000000000000000
0x000070000c9a1e38:   0000000000000010 000070000c9a1ea0
0x000070000c9a1e48:   0000000796a7b8e0 000000011de80af4 

Instructions: (pc=0x0000000104f53b4a)
0x0000000104f53b2a:   48 83 c2 01 75 f0 49 f7 c0 01 00 00 00 74 06 8b
0x0000000104f53b3a:   70 08 89 71 08 c3 48 8b 74 d0 e8 48 89 74 d1 e8
0x0000000104f53b4a:   48 8b 74 d0 f0 48 89 74 d1 f0 48 8b 74 d0 f8 48
0x0000000104f53b5a:   89 74 d1 f8 48 8b 34 d0 48 89 34 d1 48 83 c2 04 

Register to memory mapping:

RAX=0x000000011de930bc is an unknown value
RBX=0x0000000000000010 is an unknown value
RCX=0x0000000796a8deb8 is an oop
